#
# There is insufficient memory for the Java Runtime Environment to continue.
# Native memory allocation (mmap) failed to map 1282408448 bytes for committing reserved memory.
# Possible reasons:
#   The system is out of physical RAM or swap space
#   In 32 bit mode, the process size limit was hit
# Possible solutions:
#   Reduce memory load on the system
#   Increase physical memory or swap space
#   Check if swap backing store is full
#   Use 64 bit Java on a 64 bit OS
#   Decrease Java heap size (-Xmx/-Xms)
#   Decrease number of Java threads
#   Decrease Java thread stack sizes (-Xss)
#   Set larger code cache with -XX:ReservedCodeCacheSize=
# This output file may be truncated or incomplete.
#
#  Out of Memory Error (os_linux.cpp:2640), pid=19180, tid=0x00007f9bc922f700
#
# JRE version: Java(TM) SE Runtime Environment (8.0_144-b01) (build 1.8.0_144-b01)
# Java VM: Java HotSpot(TM) 64-Bit Server VM (25.144-b01 mixed mode linux-amd64 compressed oops)
# Failed to write core dump. Core dumps have been disabled. To enable core dumping, try "ulimit -c unlimited" before starting Java again
#

---------------  T H R E A D  ---------------

Current thread (0x000000000187d000):  VMThread [stack: 0x00007f9bc912f000,0x00007f9bc9230000] [id=19184]

Stack: [0x00007f9bc912f000,0x00007f9bc9230000],  sp=0x00007f9bc922e030,  free space=1020k
Native frames: (J=compiled Java code, j=interpreted, Vv=VM code, C=native code)
V  [libjvm.so+0xacb18a]  VMError::report_and_die()+0x2ba
V  [libjvm.so+0x4ff4db]  report_vm_out_of_memory(char const*, int, unsigned long, VMErrorType, char const*)+0x8b
V  [libjvm.so+0x927d23]  os::Linux::commit_memory_impl(char*, unsigned long, bool)+0x103
V  [libjvm.so+0x928279]  os::pd_commit_memory(char*, unsigned long, unsigned long, bool)+0x29
V  [libjvm.so+0x92249a]  os::commit_memory(char*, unsigned long, unsigned long, bool)+0x2a
V  [libjvm.so+0x996ff3]  PSVirtualSpace::expand_by(unsigned long)+0x53
V  [libjvm.so+0x9878b0]  PSOldGen::expand(unsigned long)+0x170
V  [libjvm.so+0x987abb]  PSOldGen::resize(unsigned long)+0x1cb
V  [libjvm.so+0x98f7c1]  PSParallelCompact::invoke_no_policy(bool)+0x991
V  [libjvm.so+0x99511d]  PSScavenge::invoke()+0x1ad
V  [libjvm.so+0x94bce0]  ParallelScavengeHeap::failed_mem_allocate(unsigned long)+0x70
V  [libjvm.so+0xaccba7]  VM_ParallelGCFailedAllocation::doit()+0x97
V  [libjvm.so+0xad4685]  VM_Operation::evaluate()+0x55
V  [libjvm.so+0xad2a5a]  VMThread::evaluate_operation(VM_Operation*)+0xba
V  [libjvm.so+0xad2dde]  VMThread::loop()+0x1ce
V  [libjvm.so+0xad3250]  VMThread::run()+0x70
V  [libjvm.so+0x92a338]  java_start(Thread*)+0x108

VM_Operation (0x00007f9be6030d20): ParallelGCFailedAllocation, mode: safepoint, requested by thread 0x0000000001813800


---------------  P R O C E S S  ---------------

Java Threads: ( => current thread )
  0x00007f9bc4b56800 JavaThread "DeadlockDetector" daemon [_thread_blocked, id=19432, stack(0x00007f9bc019e000,0x00007f9bc029f000)]
  0x00000000025d1000 JavaThread "Hikari housekeeper (pool HikariPool-0)" daemon [_thread_blocked, id=19212, stack(0x00007f9bc1dcc000,0x00007f9bc1ecd000)]
  0x000000000254e800 JavaThread "General Pool-10" [_thread_blocked, id=19211, stack(0x00007f9bc20cd000,0x00007f9bc21ce000)]
  0x000000000254b800 JavaThread "General Pool-9" [_thread_blocked, id=19210, stack(0x00007f9bc21ce000,0x00007f9bc22cf000)]
  0x000000000254a000 JavaThread "General Pool-8" [_thread_blocked, id=19209, stack(0x00007f9bc22cf000,0x00007f9bc23d0000)]
  0x0000000002547800 JavaThread "General Pool-7" [_thread_blocked, id=19208, stack(0x00007f9bc23d0000,0x00007f9bc24d1000)]
  0x0000000002545000 JavaThread "General Pool-6" [_thread_blocked, id=19207, stack(0x00007f9bc24d1000,0x00007f9bc25d2000)]
  0x0000000002542800 JavaThread "General Pool-5" [_thread_blocked, id=19206, stack(0x00007f9bc25d2000,0x00007f9bc26d3000)]
  0x0000000002540800 JavaThread "General Pool-4" [_thread_blocked, id=19205, stack(0x00007f9bc26d3000,0x00007f9bc27d4000)]
  0x000000000253e800 JavaThread "General Pool-3" [_thread_blocked, id=19204, stack(0x00007f9bc27d4000,0x00007f9bc28d5000)]
  0x000000000253d000 JavaThread "General Pool-2" [_thread_blocked, id=19203, stack(0x00007f9bc28d5000,0x00007f9bc29d6000)]
  0x0000000002536800 JavaThread "General Pool-1" [_thread_blocked, id=19202, stack(0x00007f9bc2fe7000,0x00007f9bc30e8000)]
  0x0000000001ffc800 JavaThread "net.sf.ehcache.CacheManager@339bf286" daemon [_thread_blocked, id=19199, stack(0x00007f9bc30e8000,0x00007f9bc31e9000)]
  0x00007f9bc43fe000 JavaThread "Abandoned connection cleanup thread" daemon [_thread_blocked, id=19196, stack(0x00007f9bc80ce000,0x00007f9bc81cf000)]
  0x0000000001b1e000 JavaThread "AsyncAppender-Dispatcher-Thread-3" daemon [_thread_blocked, id=19195, stack(0x00007f9bc8239000,0x00007f9bc833a000)]
  0x0000000001b17000 JavaThread "AsyncAppender-Dispatcher-Thread-2" daemon [_thread_blocked, id=19194, stack(0x00007f9bc833a000,0x00007f9bc843b000)]
  0x0000000001b1d000 JavaThread "AsyncAppender-Dispatcher-Thread-1" daemon [_thread_blocked, id=19193, stack(0x00007f9bc843b000,0x00007f9bc853c000)]
  0x0000000001a66800 JavaThread "AsyncAppender-Dispatcher-Thread-0" daemon [_thread_blocked, id=19192, stack(0x00007f9bc853c000,0x00007f9bc863d000)]
  0x00000000018dc800 JavaThread "Service Thread" daemon [_thread_blocked, id=19190, stack(0x00007f9bc8893000,0x00007f9bc8994000)]
  0x00000000018c7000 JavaThread "C1 CompilerThread1" daemon [_thread_blocked, id=19189, stack(0x00007f9bc8994000,0x00007f9bc8a95000)]
  0x00000000018c4000 JavaThread "C2 CompilerThread0" daemon [_thread_blocked, id=19188, stack(0x00007f9bc8a95000,0x00007f9bc8b96000)]
  0x00000000018c2800 JavaThread "Signal Dispatcher" daemon [_thread_blocked, id=19187, stack(0x00007f9bc8b96000,0x00007f9bc8c97000)]
  0x000000000188f000 JavaThread "Finalizer" daemon [_thread_blocked, id=19186, stack(0x00007f9bc8f2d000,0x00007f9bc902e000)]
  0x0000000001885000 JavaThread "Reference Handler" daemon [_thread_blocked, id=19185, stack(0x00007f9bc902e000,0x00007f9bc912f000)]
  0x0000000001813800 JavaThread "main" [_thread_blocked, id=19181, stack(0x00007f9be5f32000,0x00007f9be6033000)]

Other Threads:
=>0x000000000187d000 VMThread [stack: 0x00007f9bc912f000,0x00007f9bc9230000] [id=19184]
  0x00007f9bc405e800 WatcherThread [stack: 0x00007f9bc8792000,0x00007f9bc8893000] [id=19191]

VM state:at safepoint (normal execution)

VM Mutex/Monitor currently owned by a thread:  ([mutex/lock_event])
[0x000000000180f720] ExpandHeap_lock - owner thread: 0x000000000187d000
[0x000000000180fda0] Threads_lock - owner thread: 0x000000000187d000
[0x00000000018102a0] Heap_lock - owner thread: 0x0000000001813800

Heap:
 PSYoungGen      total 1082880K, used 0K [0x000000076ab00000, 0x00000007c0000000, 0x00000007c0000000)
  eden space 768000K, 0% used [0x000000076ab00000,0x000000076ab00000,0x0000000799900000)
  from space 314880K, 0% used [0x0000000799900000,0x0000000799900000,0x00000007acc80000)
  to   space 314880K, 0% used [0x00000007acc80000,0x00000007acc80000,0x00000007c0000000)
 ParOldGen       total 1544192K, used 995298K [0x00000006c0000000, 0x000000071e400000, 0x000000076ab00000)
  object space 1544192K, 64% used [0x00000006c0000000,0x00000006fcbf8a38,0x000000071e400000)
 Metaspace       used 49239K, capacity 49832K, committed 50096K, reserved 1091584K
  class space    used 7387K, capacity 7550K, committed 7600K, reserved 1048576K

Card table byte_map: [0x00007f9bd3593000,0x00007f9bd3d94000] byte_map_base: 0x00007f9bcff93000

Marking Bits: (ParMarkBitMap*) 0x00007f9be5434dc0
 Begin Bits: [0x00007f9bcae3b000, 0x00007f9bcee3b000)
 End Bits:   [0x00007f9bcee3b000, 0x00007f9bd2e3b000)

Polling page: 0x00007f9be6041000

CodeCache: size=245760Kb used=23567Kb max_used=24229Kb free=222192Kb
 bounds [0x00007f9bd4154000, 0x00007f9bd5944000, 0x00007f9be3154000]
 total_blobs=6462 nmethods=5846 adapters=529
 compilation: enabled

Compilation events (10 events):
Event: 102.428 Thread 0x00000000018c7000 7402       3       java.util.Formatter::locale (9 bytes)
Event: 102.428 Thread 0x00000000018c7000 nmethod 7402 0x00007f9bd4b99290 code [0x00007f9bd4b99400, 0x00007f9bd4b99688]
Event: 102.448 Thread 0x00000000018c7000 7403       3       java.util.Formatter$Conversion::isCharacter (32 bytes)
Event: 102.448 Thread 0x00000000018c7000 nmethod 7403 0x00007f9bd4b98f90 code [0x00007f9bd4b990e0, 0x00007f9bd4b99230]
Event: 102.448 Thread 0x00000000018c7000 7404       3       java.util.Formatter$FormatSpecifier::printInteger (130 bytes)
Event: 102.449 Thread 0x00000000018c7000 nmethod 7404 0x00007f9bd54c6950 code [0x00007f9bd54c6bc0, 0x00007f9bd54c7da8]
Event: 103.080 Thread 0x00000000018c7000 7405       3       java.util.Formatter$FormatSpecifier::getZero (36 bytes)
Event: 103.080 Thread 0x00000000018c7000 nmethod 7405 0x00007f9bd493c790 code [0x00007f9bd493c940, 0x00007f9bd493ce88]
Event: 103.520 Thread 0x00000000018c7000 7406       3       java.lang.ref.PhantomReference::<init> (7 bytes)
Event: 103.521 Thread 0x00000000018c7000 nmethod 7406 0x00007f9bd493c290 code [0x00007f9bd493c400, 0x00007f9bd493c6b0]

GC Heap History (10 events):
Event: 83.703 GC heap after
Heap after GC invocations=9 (full 2):
 PSYoungGen      total 1055744K, used 165407K [0x000000076ab00000, 0x00000007c0000000, 0x00000007c0000000)
  eden space 713728K, 0% used [0x000000076ab00000,0x000000076ab00000,0x0000000796400000)
  from space 342016K, 48% used [0x0000000796400000,0x00000007a0587db0,0x00000007ab200000)
  to   space 318464K, 0% used [0x00000007ac900000,0x00000007ac900000,0x00000007c0000000)
 ParOldGen       total 1544192K, used 765485K [0x00000006c0000000, 0x000000071e400000, 0x000000076ab00000)
  object space 1544192K, 49% used [0x00000006c0000000,0x00000006eeb8b448,0x000000071e400000)
 Metaspace       used 48997K, capacity 49640K, committed 49840K, reserved 1091584K
  class space    used 7375K, capacity 7550K, committed 7600K, reserved 1048576K
}
Event: 89.692 GC heap before
{Heap before GC invocations=10 (full 2):
 PSYoungGen      total 1055744K, used 879135K [0x000000076ab00000, 0x00000007c0000000, 0x00000007c0000000)
  eden space 713728K, 100% used [0x000000076ab00000,0x0000000796400000,0x0000000796400000)
  from space 342016K, 48% used [0x0000000796400000,0x00000007a0587db0,0x00000007ab200000)
  to   space 318464K, 0% used [0x00000007ac900000,0x00000007ac900000,0x00000007c0000000)
 ParOldGen       total 1544192K, used 765485K [0x00000006c0000000, 0x000000071e400000, 0x000000076ab00000)
  object space 1544192K, 49% used [0x00000006c0000000,0x00000006eeb8b448,0x000000071e400000)
 Metaspace       used 49012K, capacity 49646K, committed 49840K, reserved 1091584K
  class space    used 7376K, capacity 7551K, committed 7600K, reserved 1048576K
Event: 90.185 GC heap after
Heap after GC invocations=10 (full 2):
 PSYoungGen      total 1016832K, used 107148K [0x000000076ab00000, 0x00000007bda00000, 0x00000007c0000000)
  eden space 737280K, 0% used [0x000000076ab00000,0x000000076ab00000,0x0000000797b00000)
  from space 279552K, 38% used [0x00000007ac900000,0x00000007b31a32e0,0x00000007bda00000)
  to   space 310784K, 0% used [0x0000000797b00000,0x0000000797b00000,0x00000007aaa80000)
 ParOldGen       total 1544192K, used 836145K [0x00000006c0000000, 0x000000071e400000, 0x000000076ab00000)
  object space 1544192K, 54% used [0x00000006c0000000,0x00000006f308c600,0x000000071e400000)
 Metaspace       used 49012K, capacity 49646K, committed 49840K, reserved 1091584K
  class space    used 7376K, capacity 7551K, committed 7600K, reserved 1048576K
}
Event: 93.031 GC heap before
{Heap before GC invocations=11 (full 2):
 PSYoungGen      total 1016832K, used 844428K [0x000000076ab00000, 0x00000007bda00000, 0x00000007c0000000)
  eden space 737280K, 100% used [0x000000076ab00000,0x0000000797b00000,0x0000000797b00000)
  from space 279552K, 38% used [0x00000007ac900000,0x00000007b31a32e0,0x00000007bda00000)
  to   space 310784K, 0% used [0x0000000797b00000,0x0000000797b00000,0x00000007aaa80000)
 ParOldGen       total 1544192K, used 836145K [0x00000006c0000000, 0x000000071e400000, 0x000000076ab00000)
  object space 1544192K, 54% used [0x00000006c0000000,0x00000006f308c600,0x000000071e400000)
 Metaspace       used 49020K, capacity 49646K, committed 49840K, reserved 1091584K
  class space    used 7376K, capacity 7551K, committed 7600K, reserved 1048576K
Event: 93.650 GC heap after
Heap after GC invocations=11 (full 2):
 PSYoungGen      total 1048064K, used 61720K [0x000000076ab00000, 0x00000007c0000000, 0x00000007c0000000)
  eden space 737280K, 0% used [0x000000076ab00000,0x000000076ab00000,0x0000000797b00000)
  from space 310784K, 19% used [0x0000000797b00000,0x000000079b7460e0,0x00000007aaa80000)
  to   space 311296K, 0% used [0x00000007ad000000,0x00000007ad000000,0x00000007c0000000)
 ParOldGen       total 1544192K, used 894985K [0x00000006c0000000, 0x000000071e400000, 0x000000076ab00000)
  object space 1544192K, 57% used [0x00000006c0000000,0x00000006f6a025e8,0x000000071e400000)
 Metaspace       used 49020K, capacity 49646K, committed 49840K, reserved 1091584K
  class space    used 7376K, capacity 7551K, committed 7600K, reserved 1048576K
}
Event: 96.251 GC heap before
{Heap before GC invocations=12 (full 2):
 PSYoungGen      total 1048064K, used 799000K [0x000000076ab00000, 0x00000007c0000000, 0x00000007c0000000)
  eden space 737280K, 100% used [0x000000076ab00000,0x0000000797b00000,0x0000000797b00000)
  from space 310784K, 19% used [0x0000000797b00000,0x000000079b7460e0,0x00000007aaa80000)
  to   space 311296K, 0% used [0x00000007ad000000,0x00000007ad000000,0x00000007c0000000)
 ParOldGen       total 1544192K, used 894985K [0x00000006c0000000, 0x000000071e400000, 0x000000076ab00000)
  object space 1544192K, 57% used [0x00000006c0000000,0x00000006f6a025e8,0x000000071e400000)
 Metaspace       used 49041K, capacity 49664K, committed 49840K, reserved 1091584K
  class space    used 7378K, capacity 7554K, committed 7600K, reserved 1048576K
Event: 96.405 GC heap after
Heap after GC invocations=12 (full 2):
 PSYoungGen      total 1079296K, used 27282K [0x000000076ab00000, 0x00000007c0000000, 0x00000007c0000000)
  eden space 768000K, 0% used [0x000000076ab00000,0x000000076ab00000,0x0000000799900000)
  from space 311296K, 8% used [0x00000007ad000000,0x00000007aeaa4940,0x00000007c0000000)
  to   space 314880K, 0% used [0x0000000799900000,0x0000000799900000,0x00000007acc80000)
 ParOldGen       total 1544192K, used 944215K [0x00000006c0000000, 0x000000071e400000, 0x000000076ab00000)
  object space 1544192K, 61% used [0x00000006c0000000,0x00000006f9a15dd8,0x000000071e400000)
 Metaspace       used 49041K, capacity 49664K, committed 49840K, reserved 1091584K
  class space    used 7378K, capacity 7554K, committed 7600K, reserved 1048576K
}
Event: 104.583 GC heap before
{Heap before GC invocations=13 (full 2):
 PSYoungGen      total 1079296K, used 795282K [0x000000076ab00000, 0x00000007c0000000, 0x00000007c0000000)
  eden space 768000K, 100% used [0x000000076ab00000,0x0000000799900000,0x0000000799900000)
  from space 311296K, 8% used [0x00000007ad000000,0x00000007aeaa4940,0x00000007c0000000)
  to   space 314880K, 0% used [0x0000000799900000,0x0000000799900000,0x00000007acc80000)
 ParOldGen       total 1544192K, used 944215K [0x00000006c0000000, 0x000000071e400000, 0x000000076ab00000)
  object space 1544192K, 61% used [0x00000006c0000000,0x00000006f9a15dd8,0x000000071e400000)
 Metaspace       used 49268K, capacity 49870K, committed 50096K, reserved 1091584K
  class space    used 7391K, capacity 7557K, committed 7600K, reserved 1048576K
Event: 107.764 GC heap after
Heap after GC invocations=13 (full 2):
 PSYoungGen      total 1082880K, used 314848K [0x000000076ab00000, 0x00000007c0000000, 0x00000007c0000000)
  eden space 768000K, 0% used [0x000000076ab00000,0x000000076ab00000,0x0000000799900000)
  from space 314880K, 99% used [0x0000000799900000,0x00000007acc78330,0x00000007acc80000)
  to   space 314880K, 0% used [0x00000007acc80000,0x00000007acc80000,0x00000007c0000000)
 ParOldGen       total 1544192K, used 1329866K [0x00000006c0000000, 0x000000071e400000, 0x000000076ab00000)
  object space 1544192K, 86% used [0x00000006c0000000,0x00000007112b2940,0x000000071e400000)
 Metaspace       used 49268K, capacity 49870K, committed 50096K, reserved 1091584K
  class space    used 7391K, capacity 7557K, committed 7600K, reserved 1048576K
}
Event: 107.798 GC heap before
{Heap before GC invocations=14 (full 3):
 PSYoungGen      total 1082880K, used 314848K [0x000000076ab00000, 0x00000007c0000000, 0x00000007c0000000)
  eden space 768000K, 0% used [0x000000076ab00000,0x000000076ab00000,0x0000000799900000)
  from space 314880K, 99% used [0x0000000799900000,0x00000007acc78330,0x00000007acc80000)
  to   space 314880K, 0% used [0x00000007acc80000,0x00000007acc80000,0x00000007c0000000)
 ParOldGen       total 1544192K, used 1329866K [0x00000006c0000000, 0x000000071e400000, 0x000000076ab00000)
  object space 1544192K, 86% used [0x00000006c0000000,0x00000007112b2940,0x000000071e400000)
 Metaspace       used 49268K, capacity 49870K, committed 50096K, reserved 1091584K
  class space    used 7391K, capacity 7557K, committed 7600K, reserved 1048576K

Deoptimization events (10 events):
Event: 96.738 Thread 0x0000000001813800 Uncommon trap: reason=class_check action=maybe_recompile pc=0x00007f9bd5737d3c method=sun.nio.cs.StreamDecoder.inReady()Z @ 11
Event: 96.739 Thread 0x0000000001813800 Uncommon trap: reason=class_check action=maybe_recompile pc=0x00007f9bd5737d3c method=sun.nio.cs.StreamDecoder.inReady()Z @ 11
Event: 96.807 Thread 0x0000000001813800 Uncommon trap: reason=unstable_if action=reinterpret pc=0x00007f9bd4f0f4fc method=l2p.gameserver.tables.reworked.HpMpCpData.getHpTable(Ll2p/gameserver/model_pts/pts/PcClass;)Lgnu/trove/map/hash/TIntFloatHashMap; @ 14
Event: 96.808 Thread 0x0000000001813800 Uncommon trap: reason=unstable_if action=reinterpret pc=0x00007f9bd512ba3c method=l2p.gameserver.tables.reworked.HpMpCpData.getMpTable(Ll2p/gameserver/model_pts/pts/PcClass;)Lgnu/trove/map/hash/TIntFloatHashMap; @ 14
Event: 96.810 Thread 0x0000000001813800 Uncommon trap: reason=unstable_if action=reinterpret pc=0x00007f9bd434cebc method=l2p.gameserver.tables.reworked.HpMpCpData.getCpTable(Ll2p/gameserver/model_pts/pts/PcClass;)Lgnu/trove/map/hash/TIntFloatHashMap; @ 14
Event: 96.877 Thread 0x0000000001813800 Uncommon trap: reason=unstable_if action=reinterpret pc=0x00007f9bd42bf558 method=java.util.concurrent.ConcurrentHashMap.addCount(JI)V @ 121
Event: 97.542 Thread 0x0000000001813800 Uncommon trap: reason=unstable_if action=reinterpret pc=0x00007f9bd4a801b8 method=java.util.Locale.equals(Ljava/lang/Object;)Z @ 2
Event: 97.696 Thread 0x0000000001813800 Uncommon trap: reason=unstable_if action=reinterpret pc=0x00007f9bd560c47c method=java.util.Formatter$FormatSpecifier.justify(Ljava/lang/String;)Ljava/lang/String; @ 5
Event: 98.038 Thread 0x0000000001813800 Uncommon trap: reason=unstable_if action=reinterpret pc=0x00007f9bd4c34f20 method=l2p.gameserver.geodata.GeoEngine.LoadGeodata(III)V @ 94
Event: 98.094 Thread 0x0000000001813800 Uncommon trap: reason=unstable_if action=reinterpret pc=0x00007f9bd58faa40 method=l2p.gameserver.geodata.GeoEngine.LoadGeodata(III)V @ 94

Internal exceptions (10 events):
Event: 81.758 Thread 0x00007f9bc4423000 Exception <a 'java/lang/ClassCastException'> (0x000000078cb3f778) thrown at [/HUDSON3/workspace/8-2-build-linux-amd64/jdk8u144/9417/hotspot/src/share/vm/runtime/sharedRuntime.cpp, line 605]
Event: 81.758 Thread 0x00007f9bc4423000 Exception <a 'java/lang/ClassCastException'> (0x000000078cb4a0b8) thrown at [/HUDSON3/workspace/8-2-build-linux-amd64/jdk8u144/9417/hotspot/src/share/vm/runtime/sharedRuntime.cpp, line 605]
Event: 81.758 Thread 0x00007f9bc4423000 Exception <a 'java/lang/ClassCastException'> (0x000000078cb549f8) thrown at [/HUDSON3/workspace/8-2-build-linux-amd64/jdk8u144/9417/hotspot/src/share/vm/runtime/sharedRuntime.cpp, line 605]
Event: 81.766 Thread 0x00007f9bc4423000 Exception <a 'java/lang/ClassCastException'> (0x000000078cb5f338) thrown at [/HUDSON3/workspace/8-2-build-linux-amd64/jdk8u144/9417/hotspot/src/share/vm/runtime/sharedRuntime.cpp, line 605]
Event: 81.767 Thread 0x00007f9bc4423000 Exception <a 'java/lang/ClassCastException'> (0x000000078cb69c78) thrown at [/HUDSON3/workspace/8-2-build-linux-amd64/jdk8u144/9417/hotspot/src/share/vm/runtime/sharedRuntime.cpp, line 605]
Event: 81.767 Thread 0x00007f9bc4423000 Exception <a 'java/lang/ClassCastException'> (0x000000078cb745b8) thrown at [/HUDSON3/workspace/8-2-build-linux-amd64/jdk8u144/9417/hotspot/src/share/vm/runtime/sharedRuntime.cpp, line 605]
Event: 81.768 Thread 0x00007f9bc4423000 Exception <a 'java/lang/ClassCastException'> (0x000000078cb7efb8) thrown at [/HUDSON3/workspace/8-2-build-linux-amd64/jdk8u144/9417/hotspot/src/share/vm/runtime/sharedRuntime.cpp, line 605]
Event: 82.036 Thread 0x00007f9bc4423000 Exception <a 'java/lang/NoSuchFieldError': method resolution failed> (0x000000078e319628) thrown at [/HUDSON3/workspace/8-2-build-linux-amd64/jdk8u144/9417/hotspot/src/share/vm/prims/methodHandles.cpp, line 1146]
Event: 82.038 Thread 0x00007f9bc4423000 Exception <a 'java/lang/NoSuchFieldError': method resolution failed> (0x000000078e326918) thrown at [/HUDSON3/workspace/8-2-build-linux-amd64/jdk8u144/9417/hotspot/src/share/vm/prims/methodHandles.cpp, line 1146]
Event: 95.188 Thread 0x00007f9bc441d000 Implicit null exception at 0x00007f9bd5856bca to 0x00007f9bd5857fd1

Events (10 events):
Event: 98.038 Thread 0x0000000001813800 DEOPT PACKING pc=0x00007f9bd4c34f20 sp=0x00007f9be6030e90
Event: 98.038 Thread 0x0000000001813800 DEOPT UNPACKING pc=0x00007f9bd4158f69 sp=0x00007f9be6030e30 mode 2
Event: 98.073 Thread 0x0000000001813800 DEOPT PACKING pc=0x00007f9bd4e454e3 sp=0x00007f9be6030df0
Event: 98.073 Thread 0x0000000001813800 DEOPT UNPACKING pc=0x00007f9bd419af73 sp=0x00007f9be6030ba0 mode 0
Event: 98.094 Thread 0x0000000001813800 Uncommon trap: trap_request=0xffffff65 fr.pc=0x00007f9bd58faa40
Event: 98.094 Thread 0x0000000001813800 DEOPT PACKING pc=0x00007f9bd58faa40 sp=0x00007f9be6030e80
Event: 98.094 Thread 0x0000000001813800 DEOPT UNPACKING pc=0x00007f9bd4158f69 sp=0x00007f9be6030e20 mode 2
Event: 98.207 Thread 0x0000000001813800 DEOPT PACKING pc=0x00007f9bd50019b2 sp=0x00007f9be6030db0
Event: 98.207 Thread 0x0000000001813800 DEOPT UNPACKING pc=0x00007f9bd419af73 sp=0x00007f9be6030bb0 mode 0
Event: 104.583 Executing VM operation: ParallelGCFailedAllocation


Dynamic libraries:
00400000-00401000 r-xp 00000000 08:06 12190041                           /opt/java/bin/java
00600000-00601000 rw-p 00000000 08:06 12190041                           /opt/java/bin/java
01808000-04f91000 rw-p 00000000 00:00 0                                  [heap]
6c0000000-71e400000 rw-p 00000000 00:00 0 
76ab00000-7c0000000 rw-p 00000000 00:00 0 
7c0000000-7c076c000 rw-p 00000000 00:00 0 
7c076c000-800000000 ---p 00000000 00:00 0 
7f9ba2181000-7f9ba2182000 rw-p 00000000 00:00 0 
7f9ba2182000-7f9ba2735000 r--s 00000000 08:06 6571106                    /home/server/gameserver/geodata/21_22.l2j
7f9ba2735000-7f9ba2e1c000 r--s 00000000 08:06 6571105                    /home/server/gameserver/geodata/21_21.l2j
7f9ba2e1c000-7f9ba31b8000 r--s 00000000 08:06 6571104                    /home/server/gameserver/geodata/21_20.l2j
7f9ba31b8000-7f9ba34be000 r--s 00000000 08:06 6571103                    /home/server/gameserver/geodata/21_19.l2j
7f9ba34be000-7f9ba3af6000 r--s 00000000 08:06 6571102                    /home/server/gameserver/geodata/21_18.l2j
7f9ba3af6000-7f9ba3cbc000 r--s 00000000 08:06 6571101                    /home/server/gameserver/geodata/21_17.l2j
7f9ba3cbc000-7f9ba437e000 r--s 00000000 08:06 6571100                    /home/server/gameserver/geodata/21_16.l2j
7f9ba437e000-7f9ba4a0a000 r--s 00000000 08:06 6571099                    /home/server/gameserver/geodata/21_15.l2j
7f9ba4a0a000-7f9ba5159000 r--s 00000000 08:06 6571098                    /home/server/gameserver/geodata/21_14.l2j
7f9ba5159000-7f9ba519f000 r--s 00000000 08:06 6571097                    /home/server/gameserver/geodata/21_13.l2j
7f9ba519f000-7f9ba51df000 r--s 00000000 08:06 6571096                    /home/server/gameserver/geodata/21_12.l2j
7f9ba51df000-7f9ba5241000 r--s 00000000 08:06 6571095                    /home/server/gameserver/geodata/21_11.l2j
7f9ba5241000-7f9ba52eb000 r--s 00000000 08:06 6571094                    /home/server/gameserver/geodata/21_10.l2j
7f9ba52eb000-7f9ba5438000 r--s 00000000 08:06 6571093                    /home/server/gameserver/geodata/20_26.l2j
7f9ba5438000-7f9ba5a07000 r--s 00000000 08:06 6571092                    /home/server/gameserver/geodata/20_25.l2j
7f9ba5a07000-7f9ba5aec000 r--s 00000000 08:06 6571091                    /home/server/gameserver/geodata/20_24.l2j
7f9ba5aec000-7f9ba5e32000 r--s 00000000 08:06 6571090                    /home/server/gameserver/geodata/20_23.l2j
7f9ba5e32000-7f9ba62ce000 r--s 00000000 08:06 6571089                    /home/server/gameserver/geodata/20_22.l2j
7f9ba62ce000-7f9ba6c3d000 r--s 00000000 08:06 6571088                    /home/server/gameserver/geodata/20_21.l2j
7f9ba6c3d000-7f9ba7191000 r--s 00000000 08:06 6571087                    /home/server/gameserver/geodata/20_20.l2j
7f9ba7191000-7f9ba7453000 r--s 00000000 08:06 6571086                    /home/server/gameserver/geodata/20_19.l2j
7f9ba7453000-7f9ba78c0000 r--s 00000000 08:06 6571085                    /home/server/gameserver/geodata/20_18.l2j
7f9ba78c0000-7f9ba7e33000 r--s 00000000 08:06 6571084                    /home/server/gameserver/geodata/20_17.l2j
7f9ba7e33000-7f9ba8196000 r--s 00000000 08:06 6571083                    /home/server/gameserver/geodata/20_16.l2j
7f9ba8196000-7f9ba8557000 r--s 00000000 08:06 6571082                    /home/server/gameserver/geodata/20_15.l2j
7f9ba8557000-7f9ba8cdc000 r--s 00000000 08:06 6571081                    /home/server/gameserver/geodata/20_14.l2j
7f9ba8cdc000-7f9ba90e4000 r--s 00000000 08:06 6571080                    /home/server/gameserver/geodata/20_13.l2j
7f9ba90e4000-7f9ba9190000 r--s 00000000 08:06 6571079                    /home/server/gameserver/geodata/20_12.l2j
7f9ba9190000-7f9ba9247000 r--s 00000000 08:06 6571078                    /home/server/gameserver/geodata/20_11.l2j
7f9ba9247000-7f9ba9322000 r--s 00000000 08:06 6571077                    /home/server/gameserver/geodata/20_10.l2j
7f9ba9322000-7f9ba953b000 r--s 00000000 08:06 6571076                    /home/server/gameserver/geodata/19_26.l2j
7f9ba953b000-7f9ba996b000 r--s 00000000 08:06 6571075                    /home/server/gameserver/geodata/19_25.l2j
7f9ba996b000-7f9ba9c2d000 r--s 00000000 08:06 6571074                    /home/server/gameserver/geodata/19_24.l2j
7f9ba9c2d000-7f9baa112000 r--s 00000000 08:06 6571073                    /home/server/gameserver/geodata/19_23.l2j
7f9baa112000-7f9baa588000 r--s 00000000 08:06 6571072                    /home/server/gameserver/geodata/19_22.l2j
7f9baa588000-7f9baa8b8000 r--s 00000000 08:06 6571071                    /home/server/gameserver/geodata/19_21.l2j
7f9baa8b8000-7f9baac46000 r--s 00000000 08:06 6571070                    /home/server/gameserver/geodata/19_20.l2j
7f9baac46000-7f9baaebc000 r--s 00000000 08:06 6571069                    /home/server/gameserver/geodata/19_19.l2j
7f9baaebc000-7f9bab365000 r--s 00000000 08:06 6571068                    /home/server/gameserver/geodata/19_18.l2j
7f9bab365000-7f9bab47d000 r--s 00000000 08:06 6571067                    /home/server/gameserver/geodata/19_17.l2j
7f9bab47d000-7f9bab7cc000 r--s 00000000 08:06 6571066                    /home/server/gameserver/geodata/19_16.l2j
7f9bab7cc000-7f9babb91000 r--s 00000000 08:06 6571065                    /home/server/gameserver/geodata/19_15.l2j
7f9babb91000-7f9bac012000 r--s 00000000 08:06 6571064                    /home/server/gameserver/geodata/19_14.l2j
7f9bac012000-7f9bac356000 r--s 00000000 08:06 6571063                    /home/server/gameserver/geodata/19_13.l2j
7f9bac356000-7f9bac408000 r--s 00000000 08:06 6571062                    /home/server/gameserver/geodata/19_12.l2j
7f9bac408000-7f9bac44e000 r--s 00000000 08:06 6571061                    /home/server/gameserver/geodata/19_11.l2j
7f9bac44e000-7f9bac5cb000 r--s 00000000 08:06 6571060                    /home/server/gameserver/geodata/19_10.l2j
7f9bac5cb000-7f9bac603000 r--s 00000000 08:06 6571059                    /home/server/gameserver/geodata/18_26.l2j
7f9bac603000-7f9bac723000 r--s 00000000 08:06 6571058                    /home/server/gameserver/geodata/18_25.l2j
7f9bac723000-7f9baca85000 r--s 00000000 08:06 6571057                    /home/server/gameserver/geodata/18_24.l2j
7f9baca85000-7f9bacf8e000 r--s 00000000 08:06 6571056                    /home/server/gameserver/geodata/18_23.l2j
7f9bacf8e000-7f9bad4fd000 r--s 00000000 08:06 6571055                    /home/server/gameserver/geodata/18_22.l2j
7f9bad4fd000-7f9bad913000 r--s 00000000 08:06 6571054                    /home/server/gameserver/geodata/18_21.l2j
7f9bad913000-7f9badd3e000 r--s 00000000 08:06 6571053                    /home/server/gameserver/geodata/18_20.l2j
7f9badd3e000-7f9bae037000 r--s 00000000 08:06 6571052                    /home/server/gameserver/geodata/18_19.l2j
7f9bae037000-7f9bae068000 r--s 00000000 08:06 6571051                    /home/server/gameserver/geodata/18_18.l2j
7f9bae068000-7f9bae0a0000 r--s 00000000 08:06 6571050                    /home/server/gameserver/geodata/18_17.l2j
7f9bae0a0000-7f9bae2d0000 r--s 00000000 08:06 6571049                    /home/server/gameserver/geodata/18_16.l2j
7f9bae2d0000-7f9bae500000 r--s 00000000 08:06 6571048                    /home/server/gameserver/geodata/18_15.l2j
7f9bae500000-7f9bae921000 r--s 00000000 08:06 6571047                    /home/server/gameserver/geodata/18_14.l2j
7f9bae921000-7f9bae971000 r--s 00000000 08:06 6571046                    /home/server/gameserver/geodata/18_13.l2j
7f9bae971000-7f9baea1f000 r--s 00000000 08:06 6571045                    /home/server/gameserver/geodata/18_12.l2j
7f9baea1f000-7f9baeabb000 r--s 00000000 08:06 6571044                    /home/server/gameserver/geodata/18_11.l2j
7f9baeabb000-7f9baec39000 r--s 00000000 08:06 6571043                    /home/server/gameserver/geodata/18_10.l2j
7f9baec39000-7f9baec69000 r--s 00000000 08:06 6571042                    /home/server/gameserver/geodata/17_26.l2j
7f9baec69000-7f9baeea4000 r--s 00000000 08:06 6571041                    /home/server/gameserver/geodata/17_25.l2j
7f9baeea4000-7f9baef9f000 r--s 00000000 08:06 6571040                    /home/server/gameserver/geodata/17_24.l2j
7f9baef9f000-7f9baf07d000 r--s 00000000 08:06 6571039                    /home/server/gameserver/geodata/17_23.l2j
7f9baf07d000-7f9baf4a6000 r--s 00000000 08:06 6571038                    /home/server/gameserver/geodata/17_22.l2j
7f9baf4a6000-7f9baf903000 r--s 00000000 08:06 6571037                    /home/server/gameserver/geodata/17_21.l2j
7f9baf903000-7f9bafc51000 r--s 00000000 08:06 6571036                    /home/server/gameserver/geodata/17_20.l2j
7f9bafc51000-7f9bb0014000 r--s 00000000 08:06 6571035                    /home/server/gameserver/geodata/17_19.l2j
7f9bb0014000-7f9bb0064000 r--s 00000000 08:06 6571034                    /home/server/gameserver/geodata/17_18.l2j
7f9bb0064000-7f9bb0178000 r--s 00000000 08:06 6571033                    /home/server/gameserver/geodata/17_17.l2j
7f9bb0178000-7f9bb08b7000 r--s 00000000 08:06 6571032                    /home/server/gameserver/geodata/17_16.l2j
7f9bb08b7000-7f9bb0a51000 r--s 00000000 08:06 6571031                    /home/server/gameserver/geodata/17_15.l2j
7f9bb0a51000-7f9bb0a90000 r--s 00000000 08:06 6571030                    /home/server/gameserver/geodata/17_14.l2j
7f9bb0a90000-7f9bb0b47000 r--s 00000000 08:06 6571029                    /home/server/gameserver/geodata/17_13.l2j
7f9bb0b47000-7f9bb0bf0000 r--s 00000000 08:06 6571028                    /home/server/gameserver/geodata/17_12.l2j
7f9bb0bf0000-7f9bb0c88000 r--s 00000000 08:06 6571027                    /home/server/gameserver/geodata/17_11.l2j
7f9bb0c88000-7f9bb0db0000 r--s 00000000 08:06 6571026                    /home/server/gameserver/geodata/17_10.l2j
7f9bb0db0000-7f9bb0de8000 r--s 00000000 08:06 6571025                    /home/server/gameserver/geodata/16_26.l2j
7f9bb0de8000-7f9bb0ffb000 r--s 00000000 08:06 6571024                    /home/server/gameserver/geodata/16_25.l2j
7f9bb0ffb000-7f9bb1160000 r--s 00000000 08:06 6571023                    /home/server/gameserver/geodata/16_24.l2j
7f9bb1160000-7f9bb119c000 r--s 00000000 08:06 6571022                    /home/server/gameserver/geodata/16_23.l2j
7f9bb119c000-7f9bb11cd000 r--s 00000000 08:06 6571021                    /home/server/gameserver/geodata/16_22.l2j
7f9bb11cd000-7f9bb1279000 r--s 00000000 08:06 6571020                    /home/server/gameserver/geodata/16_21.l2j
7f9bb1279000-7f9bb1778000 r--s 00000000 08:06 6571019                    /home/server/gameserver/geodata/16_20.l2j
7f9bb1778000-7f9bb1d90000 r--s 00000000 08:06 6571018                    /home/server/gameserver/geodata/16_19.l2j
7f9bb1d90000-7f9bb1dd4000 r--s 00000000 08:06 6571017                    /home/server/gameserver/geodata/16_18.l2j
7f9bb1dd4000-7f9bb1e05000 r--s 00000000 08:06 6571016                    /home/server/gameserver/geodata/16_17.l2j
7f9bb1e05000-7f9bb1e35000 r--s 00000000 08:06 6571015                    /home/server/gameserver/geodata/16_16.l2j
7f9bb1e35000-7f9bb1e65000 r--s 00000000 08:06 6571014                    /home/server/gameserver/geodata/16_15.l2j
7f9bb1e65000-7f9bb1e95000 r--s 00000000 08:06 6571013                    /home/server/gameserver/geodata/16_14.l2j
7f9bb1e95000-7f9bb1f36000 r--s 00000000 08:06 6571012                    /home/server/gameserver/geodata/16_13.l2j
7f9bb1f36000-7f9bb2087000 r--s 00000000 08:06 6571011                    /home/server/gameserver/geodata/16_12.l2j
7f9bb2087000-7f9bb2162000 r--s 00000000 08:06 6571010                    /home/server/gameserver/geodata/16_11.l2j
7f9bb2162000-7f9bb318c000 r--s 00000000 08:06 6571009                    /home/server/gameserver/geodata/16_10.l2j
7f9bb318c000-7f9bb31f4000 r--s 00000000 08:06 6571008                    /home/server/gameserver/geodata/15_26.l2j
7f9bb31f4000-7f9bb4636000 r--s 00000000 08:06 6571007                    /home/server/gameserver/geodata/15_25.l2j
7f9bb4636000-7f9bb4680000 r--s 00000000 08:06 6571006                    /home/server/gameserver/geodata/15_24.l2j
7f9bb4680000-7f9bb46b8000 r--s 00000000 08:06 6571005                    /home/server/gameserver/geodata/15_23.l2j
7f9bb46b8000-7f9bb46e8000 r--s 00000000 08:06 6571004                    /home/server/gameserver/geodata/15_22.l2j
7f9bb46e8000-7f9bb4718000 r--s 00000000 08:06 6571003                    /home/server/gameserver/geodata/15_21.l2j
7f9bb4718000-7f9bb4755000 r--s 00000000 08:06 6571002                    /home/server/gameserver/geodata/15_20.l2j
7f9bb4755000-7f9bb478a000 r--s 00000000 08:06 6571001                    /home/server/gameserver/geodata/15_19.l2j
7f9bb478a000-7f9bb47bc000 r--s 00000000 08:06 6571000                    /home/server/gameserver/geodata/15_18.l2j
7f9bb47bc000-7f9bb48d6000 r--s 00000000 08:06 6570999                    /home/server/gameserver/geodata/15_12.l2j
7f9bb48d6000-7f9bb49f0000 r--s 00000000 08:06 6570998                    /home/server/gameserver/geodata/15_11.l2j
7f9bb49f0000-7f9bb4b0a000 r--s 00000000 08:06 6570997                    /home/server/gameserver/geodata/15_10.l2j
7f9bb4b0a000-7f9bb4b4c000 r--s 00000000 08:06 6570996                    /home/server/gameserver/geodata/14_26.l2j
7f9bb4b4c000-7f9bb5dea000 r--s 00000000 08:06 6570995                    /home/server/gameserver/geodata/14_25.l2j
7f9bb5dea000-7f9bb7319000 r--s 00000000 08:06 6570994                    /home/server/gameserver/geodata/14_24.l2j
7f9bb7319000-7f9bb8b1a000 r--s 00000000 08:06 6570993                    /home/server/gameserver/geodata/14_23.l2j
7f9bb8b1a000-7f9bb93ea000 r--s 00000000 08:06 6570992                    /home/server/gameserver/geodata/14_22.l2j
7f9bb93ea000-7f9bb941a000 r--s 00000000 08:06 6570991                    /home/server/gameserver/geodata/14_21.l2j
7f9bb941a000-7f9bb9459000 r--s 00000000 08:06 6570990                    /home/server/gameserver/geodata/13_26.l2j
7f9bb9459000-7f9bba94d000 r--s 00000000 08:06 6570989                    /home/server/gameserver/geodata/13_25.l2j
7f9bba94d000-7f9bbbf29000 r--s 00000000 08:06 6570988                    /home/server/gameserver/geodata/13_24.l2j
7f9bbbf29000-7f9bbc32f000 r--s 00000000 08:06 6570987                    /home/server/gameserver/geodata/13_23.l2j
7f9bbc32f000-7f9bbc35f000 r--s 00000000 08:06 6570986                    /home/server/gameserver/geodata/13_22.l2j
7f9bbc35f000-7f9bbc38f000 r--s 00000000 08:06 6570985                    /home/server/gameserver/geodata/13_21.l2j
7f9bbc38f000-7f9bbc3ce000 r--s 00000000 08:06 6570984                    /home/server/gameserver/geodata/12_26.l2j
7f9bbc3ce000-7f9bbcad4000 r--s 00000000 08:06 6570983                    /home/server/gameserver/geodata/12_25.l2j
7f9bbcad4000-7f9bbe485000 r--s 00000000 08:06 6570982                    /home/server/gameserver/geodata/12_24.l2j
7f9bbe485000-7f9bbe605000 rw-p 00000000 00:00 0 
7f9bbe605000-7f9bbe685000 ---p 00000000 00:00 0 
7f9bbe817000-7f9bbe848000 r--s 00000000 08:06 6570981                    /home/server/gameserver/geodata/12_23.l2j
7f9bbe848000-7f9bbe887000 r--s 00000000 08:06 6570980                    /home/server/gameserver/geodata/11_26.l2j
7f9bbe887000-7f9bbe88a000 ---p 00000000 00:00 0 
7f9bbe88a000-7f9bbe988000 rw-p 00000000 00:00 0 
7f9bbe988000-7f9bbe98b000 ---p 00000000 00:00 0 
7f9bbe98b000-7f9bbea89000 rw-p 00000000 00:00 0 
7f9bbea89000-7f9bbea8c000 ---p 00000000 00:00 0 
7f9bbea8c000-7f9bbeb8a000 rw-p 00000000 00:00 0 
7f9bbeb8a000-7f9bbeb8d000 ---p 00000000 00:00 0 
7f9bbeb8d000-7f9bbec8b000 rw-p 00000000 00:00 0 
7f9bbec8b000-7f9bbec8e000 ---p 00000000 00:00 0 
7f9bbec8e000-7f9bbed8c000 rw-p 00000000 00:00 0 
7f9bbed8c000-7f9bbed8f000 ---p 00000000 00:00 0 
7f9bbed8f000-7f9bbee8d000 rw-p 00000000 00:00 0 
7f9bbee8d000-7f9bbee90000 ---p 00000000 00:00 0 
7f9bbee90000-7f9bbef8e000 rw-p 00000000 00:00 0 
7f9bbef8e000-7f9bbef91000 ---p 00000000 00:00 0 
7f9bbef91000-7f9bbf08f000 rw-p 00000000 00:00 0 
7f9bbf08f000-7f9bbf092000 ---p 00000000 00:00 0 
7f9bbf092000-7f9bbf390000 rw-p 00000000 00:00 0 
7f9bbf390000-7f9bbf393000 ---p 00000000 00:00 0 
7f9bbf393000-7f9bbf491000 rw-p 00000000 00:00 0 
7f9bbf491000-7f9bbf494000 ---p 00000000 00:00 0 
7f9bbf494000-7f9bbf592000 rw-p 00000000 00:00 0 
7f9bbf592000-7f9bbf595000 ---p 00000000 00:00 0 
7f9bbf595000-7f9bbf693000 rw-p 00000000 00:00 0 
7f9bbf693000-7f9bbf696000 ---p 00000000 00:00 0 
7f9bbf696000-7f9bbf794000 rw-p 00000000 00:00 0 
7f9bbf794000-7f9bbf797000 ---p 00000000 00:00 0 
7f9bbf797000-7f9bbf895000 rw-p 00000000 00:00 0 
7f9bbf895000-7f9bbf898000 ---p 00000000 00:00 0 
7f9bbf898000-7f9bbf996000 rw-p 00000000 00:00 0 
7f9bbf996000-7f9bbf999000 ---p 00000000 00:00 0 
7f9bbf999000-7f9bbfa97000 rw-p 00000000 00:00 0 
7f9bbfa97000-7f9bbfa9a000 ---p 00000000 00:00 0 
7f9bbfa9a000-7f9bbfb98000 rw-p 00000000 00:00 0 
7f9bbfb98000-7f9bbfb9b000 ---p 00000000 00:00 0 
7f9bbfb9b000-7f9bbfc99000 rw-p 00000000 00:00 0 
7f9bbfc99000-7f9bbfc9c000 ---p 00000000 00:00 0 
7f9bbfc9c000-7f9bbfd9a000 rw-p 00000000 00:00 0 
7f9bbfd9a000-7f9bbfd9d000 ---p 00000000 00:00 0 
7f9bbfd9d000-7f9bbfe9b000 rw-p 00000000 00:00 0 
7f9bbfe9b000-7f9bbfe9e000 ---p 00000000 00:00 0 
7f9bbfe9e000-7f9bbff9c000 rw-p 00000000 00:00 0 
7f9bbff9c000-7f9bbff9f000 ---p 00000000 00:00 0 
7f9bbff9f000-7f9bc009d000 rw-p 00000000 00:00 0 
7f9bc009d000-7f9bc00a0000 ---p 00000000 00:00 0 
7f9bc00a0000-7f9bc019e000 rw-p 00000000 00:00 0 
7f9bc019e000-7f9bc01a1000 ---p 00000000 00:00 0 
7f9bc01a1000-7f9bc029f000 rw-p 00000000 00:00 0 
7f9bc029f000-7f9bc02a2000 ---p 00000000 00:00 0 
7f9bc02a2000-7f9bc03a0000 rw-p 00000000 00:00 0 
7f9bc03a0000-7f9bc03a3000 ---p 00000000 00:00 0 
7f9bc03a3000-7f9bc04a1000 rw-p 00000000 00:00 0 
7f9bc04a1000-7f9bc04a4000 ---p 00000000 00:00 0 
7f9bc04a4000-7f9bc05a2000 rw-p 00000000 00:00 0 
7f9bc05a2000-7f9bc05a5000 ---p 00000000 00:00 0 
7f9bc05a5000-7f9bc06a3000 rw-p 00000000 00:00 0 
7f9bc06a3000-7f9bc06a6000 ---p 00000000 00:00 0 
7f9bc06a6000-7f9bc07a4000 rw-p 00000000 00:00 0 
7f9bc07a4000-7f9bc07a7000 ---p 00000000 00:00 0 
7f9bc07a7000-7f9bc08a5000 rw-p 00000000 00:00 0 
7f9bc08a5000-7f9bc08a8000 ---p 00000000 00:00 0 
7f9bc08a8000-7f9bc09a6000 rw-p 00000000 00:00 0 
7f9bc09a6000-7f9bc09a9000 ---p 00000000 00:00 0 
7f9bc09a9000-7f9bc0aa7000 rw-p 00000000 00:00 0 
7f9bc0aa7000-7f9bc0aaa000 ---p 00000000 00:00 0 
7f9bc0aaa000-7f9bc0ba8000 rw-p 00000000 00:00 0 
7f9bc0ba8000-7f9bc0bab000 ---p 00000000 00:00 0 
7f9bc0bab000-7f9bc0ca9000 rw-p 00000000 00:00 0 
7f9bc0ca9000-7f9bc0cac000 ---p 00000000 00:00 0 
7f9bc0cac000-7f9bc0faa000 rw-p 00000000 00:00 0 
7f9bc0faa000-7f9bc11aa000 rw-p 00000000 00:00 0 
7f9bc11aa000-7f9bc13aa000 rw-p 00000000 00:00 0 
7f9bc13aa000-7f9bc15aa000 rw-p 00000000 00:00 0 
7f9bc15aa000-7f9bc15ad000 ---p 00000000 00:00 0 
7f9bc15ad000-7f9bc16ab000 rw-p 00000000 00:00 0 
7f9bc16ab000-7f9bc16ae000 ---p 00000000 00:00 0 
7f9bc16ae000-7f9bc17ac000 rw-p 00000000 00:00 0 
7f9bc17ac000-7f9bc17af000 ---p 00000000 00:00 0 
7f9bc17af000-7f9bc1aad000 rw-p 00000000 00:00 0 
7f9bc1ab5000-7f9bc1ac8000 r--s 00345000 08:06 12189990                   /opt/java/lib/resources.jar
7f9bc1acb000-7f9bc1ccb000 rw-p 00000000 00:00 0 
7f9bc1ccb000-7f9bc1cce000 ---p 00000000 00:00 0 
7f9bc1cce000-7f9bc1dcc000 rw-p 00000000 00:00 0 
7f9bc1dcc000-7f9bc1dcf000 ---p 00000000 00:00 0 
7f9bc1dcf000-7f9bc20cd000 rw-p 00000000 00:00 0 
7f9bc20cd000-7f9bc20d0000 ---p 00000000 00:00 0 
7f9bc20d0000-7f9bc21ce000 rw-p 00000000 00:00 0 
7f9bc21ce000-7f9bc21d1000 ---p 00000000 00:00 0 
7f9bc21d1000-7f9bc22cf000 rw-p 00000000 00:00 0 
7f9bc22cf000-7f9bc22d2000 ---p 00000000 00:00 0 
7f9bc22d2000-7f9bc23d0000 rw-p 00000000 00:00 0 
7f9bc23d0000-7f9bc23d3000 ---p 00000000 00:00 0 
7f9bc23d3000-7f9bc24d1000 rw-p 00000000 00:00 0 
7f9bc24d1000-7f9bc24d4000 ---p 00000000 00:00 0 
7f9bc24d4000-7f9bc25d2000 rw-p 00000000 00:00 0 
7f9bc25d2000-7f9bc25d5000 ---p 00000000 00:00 0 
7f9bc25d5000-7f9bc26d3000 rw-p 00000000 00:00 0 
7f9bc26d3000-7f9bc26d6000 ---p 00000000 00:00 0 
7f9bc26d6000-7f9bc27d4000 rw-p 00000000 00:00 0 
7f9bc27d4000-7f9bc27d7000 ---p 00000000 00:00 0 
7f9bc27d7000-7f9bc28d5000 rw-p 00000000 00:00 0 
7f9bc28d5000-7f9bc28d8000 ---p 00000000 00:00 0 
7f9bc28d8000-7f9bc2bd6000 rw-p 00000000 00:00 0 
7f9bc2bd6000-7f9bc2be7000 r-xp 00000000 08:06 12189793                   /opt/java/lib/amd64/libnio.so
7f9bc2be7000-7f9bc2de6000 ---p 00011000 08:06 12189793                   /opt/java/lib/amd64/libnio.so
7f9bc2de6000-7f9bc2de7000 rw-p 00010000 08:06 12189793                   /opt/java/lib/amd64/libnio.so
7f9bc2de7000-7f9bc2fe7000 rw-p 00000000 00:00 0 
7f9bc2fe7000-7f9bc2fea000 ---p 00000000 00:00 0 
7f9bc2fea000-7f9bc30e8000 rw-p 00000000 00:00 0 
7f9bc30e8000-7f9bc30eb000 ---p 00000000 00:00 0 
7f9bc30eb000-7f9bc33e9000 rw-p 00000000 00:00 0 
7f9bc33e9000-7f9bc35e9000 rw-p 00000000 00:00 0 
7f9bc35e9000-7f9bc37e9000 rw-p 00000000 00:00 0 
7f9bc37e9000-7f9bc39e9000 rw-p 00000000 00:00 0 
7f9bc39e9000-7f9bc3be9000 rw-p 00000000 00:00 0 
7f9bc3be9000-7f9bc3de9000 rw-p 00000000 00:00 0 
7f9bc3de9000-7f9bc3dff000 r-xp 00000000 08:06 12189768                   /opt/java/lib/amd64/libnet.so
7f9bc3dff000-7f9bc3fff000 ---p 00016000 08:06 12189768                   /opt/java/lib/amd64/libnet.so
7f9bc3fff000-7f9bc4000000 rw-p 00016000 08:06 12189768                   /opt/java/lib/amd64/libnet.so
7f9bc4000000-7f9bc5956000 rw-p 00000000 00:00 0 
7f9bc5956000-7f9bc8000000 ---p 00000000 00:00 0 
7f9bc800f000-7f9bc8040000 r--s 00000000 08:06 6570979                    /home/server/gameserver/geodata/11_25.l2j
7f9bc8040000-7f9bc8071000 r--s 00000000 08:06 6570978                    /home/server/gameserver/geodata/11_24.l2j
7f9bc8071000-7f9bc80a3000 r--s 00000000 08:06 6570977                    /home/server/gameserver/geodata/11_23.l2j
7f9bc80a3000-7f9bc80ad000 r--s 00116000 08:06 12189846                   /opt/java/lib/ext/localedata.jar
7f9bc80ad000-7f9bc80c9000 r--s 00393000 08:06 12189849                   /opt/java/lib/ext/cldrdata.jar
7f9bc80c9000-7f9bc80ce000 r--s 0009a000 08:06 12189712                   /opt/java/lib/jsse.jar
7f9bc80ce000-7f9bc80d1000 ---p 00000000 00:00 0 
7f9bc80d1000-7f9bc81cf000 rw-p 00000000 00:00 0 
7f9bc81cf000-7f9bc8239000 r--s 0055e000 08:06 6571198                    /home/server/lib/gameserver.jar
7f9bc8239000-7f9bc823c000 ---p 00000000 00:00 0 
7f9bc823c000-7f9bc833a000 rw-p 00000000 00:00 0 
7f9bc833a000-7f9bc833d000 ---p 00000000 00:00 0 
7f9bc833d000-7f9bc843b000 rw-p 00000000 00:00 0 
7f9bc843b000-7f9bc843e000 ---p 00000000 00:00 0 
7f9bc843e000-7f9bc853c000 rw-p 00000000 00:00 0 
7f9bc853c000-7f9bc853f000 ---p 00000000 00:00 0 
7f9bc853f000-7f9bc863d000 rw-p 00000000 00:00 0 
7f9bc863d000-7f9bc8640000 r--s 00012000 08:06 6571194                    /home/server/lib/dataparser.jar
7f9bc8640000-7f9bc8641000 r--s 0002a000 08:06 6571201                    /home/server/lib/javf-sys-lpic-H-3.4.jar
7f9bc8641000-7f9bc8646000 r--s 0002c000 08:06 6571193                    /home/server/lib/commons.jar
7f9bc8646000-7f9bc8649000 r--s 0001c000 08:06 6571199                    /home/server/lib/HikariCP-2.4.0.jar
7f9bc8649000-7f9bc8653000 r--s 00071000 08:06 6571202                    /home/server/lib/javolution-core-java-6.1.0-20140103.154957-9.jar
7f9bc8653000-7f9bc865d000 r--s 000e8000 08:06 6571207                    /home/server/lib/mysql-connector-java-5.1.39-bin.jar
7f9bc865d000-7f9bc8663000 r--s 00034000 08:06 6571209                    /home/server/lib/org.napile.primitive.jar
7f9bc8663000-7f9bc8665000 r--s 00001000 08:06 6571211                    /home/server/lib/slf4j-log4j12-1.7.5.jar
7f9bc8665000-7f9bc8680000 r--s 0012e000 08:06 6571197                    /home/server/lib/ehcache-core-2.6.11.jar
7f9bc8680000-7f9bc86a7000 r--s 001f6000 08:06 6571191                    /home/server/lib/commons-math3-3.6.1.jar
7f9bc86a7000-7f9bc86be000 r--s 0010e000 08:06 6571208                    /home/server/lib/netty-3.6.2.Final.jar
7f9bc86be000-7f9bc86c5000 r--s 00064000 08:06 6571190                    /home/server/lib/commons-lang3-3.4.jar
7f9bc86c5000-7f9bc86c7000 r--s 00009000 08:06 6571210                    /home/server/lib/slf4j-api-1.7.21.jar
7f9bc86c7000-7f9bc86ca000 r--s 00019000 08:06 6571192                    /home/server/lib/commons-pool-1.6.jar
7f9bc86ca000-7f9bc86cf000 r--s 00048000 08:06 6571195                    /home/server/lib/dom4j-2.0.0-RC1.jar
7f9bc86cf000-7f9bc86d3000 r--s 0002f000 08:06 6571189                    /home/server/lib/commons-io-2.5.jar
7f9bc86d3000-7f9bc86d6000 r--s 0002e000 08:06 6571200                    /home/server/lib/jacksum-1.7.0.jar
7f9bc86d6000-7f9bc86df000 r--s 0006f000 08:06 6571204                    /home/server/lib/log4j-1.2.17.jar
7f9bc86df000-7f9bc86e5000 r--s 00045000 08:06 6571203                    /home/server/lib/jdom-2.0.6.jar
7f9bc86e5000-7f9bc86e8000 r--s 00009000 08:06 6571206                    /home/server/lib/mesp-1.02.jar
7f9bc86e8000-7f9bc86fa000 r--s 00220000 08:06 6571196                    /home/server/lib/ecj-4.4.jar
7f9bc86fa000-7f9bc8764000 r--s 0055e000 08:06 6571198                    /home/server/lib/gameserver.jar
7f9bc8764000-7f9bc8767000 r--s 00025000 08:06 6571188                    /home/server/lib/commons-dbcp-1.4.jar
7f9bc8767000-7f9bc878f000 r--s 00241000 08:06 6571213                    /home/server/lib/trove4j-3.0.3.jar
7f9bc878f000-7f9bc8792000 r--s 00018000 08:06 6571187                    /home/server/lib/authserver.jar
7f9bc8792000-7f9bc8793000 ---p 00000000 00:00 0 
7f9bc8793000-7f9bc8893000 rw-p 00000000 00:00 0 
7f9bc8893000-7f9bc8896000 ---p 00000000 00:00 0 
7f9bc8896000-7f9bc8994000 rw-p 00000000 00:00 0 
7f9bc8994000-7f9bc8997000 ---p 00000000 00:00 0 
7f9bc8997000-7f9bc8a95000 rw-p 00000000 00:00 0 
7f9bc8a95000-7f9bc8a98000 ---p 00000000 00:00 0 
7f9bc8a98000-7f9bc8b96000 rw-p 00000000 00:00 0 
7f9bc8b96000-7f9bc8b99000 ---p 00000000 00:00 0 
7f9bc8b99000-7f9bc8c97000 rw-p 00000000 00:00 0 
7f9bc8c97000-7f9bc8f2d000 r--p 00000000 08:06 28052857                   /usr/lib/locale/locale-archive
7f9bc8f2d000-7f9bc8f30000 ---p 00000000 00:00 0 
7f9bc8f30000-7f9bc902e000 rw-p 00000000 00:00 0 
7f9bc902e000-7f9bc9031000 ---p 00000000 00:00 0 
7f9bc9031000-7f9bc912f000 rw-p 00000000 00:00 0 
7f9bc912f000-7f9bc9130000 ---p 00000000 00:00 0 
7f9bc9130000-7f9bc9beb000 rw-p 00000000 00:00 0 
7f9bc9beb000-7f9bc9dc5000 r--s 03d4d000 08:06 12189760                   /opt/java/lib/rt.jar
7f9bc9dc5000-7f9bd2e3b000 rw-p 00000000 00:00 0 
7f9bd2e3b000-7f9bd2e3c000 ---p 00000000 00:00 0 
7f9bd2e3c000-7f9bd2f3c000 rw-p 00000000 00:00 0 
7f9bd2f3c000-7f9bd2f3d000 ---p 00000000 00:00 0 
7f9bd2f3d000-7f9bd332f000 rw-p 00000000 00:00 0 
7f9bd332f000-7f9bd3593000 ---p 00000000 00:00 0 
7f9bd3593000-7f9bd3885000 rw-p 00000000 00:00 0 
7f9bd3885000-7f9bd3ae8000 ---p 00000000 00:00 0 
7f9bd3ae8000-7f9bd3d93000 rw-p 00000000 00:00 0 
7f9bd3d93000-7f9bd3df4000 rw-p 00000000 00:00 0 
7f9bd3df4000-7f9bd4154000 ---p 00000000 00:00 0 
7f9bd4154000-7f9bd5944000 rwxp 00000000 00:00 0 
7f9bd5944000-7f9be3154000 ---p 00000000 00:00 0 
7f9be3154000-7f9be316e000 r-xp 00000000 08:06 12189791                   /opt/java/lib/amd64/libzip.so
7f9be316e000-7f9be336e000 ---p 0001a000 08:06 12189791                   /opt/java/lib/amd64/libzip.so
7f9be336e000-7f9be336f000 rw-p 0001a000 08:06 12189791                   /opt/java/lib/amd64/libzip.so
7f9be336f000-7f9be337a000 r-xp 00000000 08:06 1051641                    /lib/x86_64-linux-gnu/libnss_files-2.13.so
7f9be337a000-7f9be3579000 ---p 0000b000 08:06 1051641                    /lib/x86_64-linux-gnu/libnss_files-2.13.so
7f9be3579000-7f9be357a000 r--p 0000a000 08:06 1051641                    /lib/x86_64-linux-gnu/libnss_files-2.13.so
7f9be357a000-7f9be357b000 rw-p 0000b000 08:06 1051641                    /lib/x86_64-linux-gnu/libnss_files-2.13.so
7f9be357b000-7f9be3585000 r-xp 00000000 08:06 1051643                    /lib/x86_64-linux-gnu/libnss_nis-2.13.so
7f9be3585000-7f9be3784000 ---p 0000a000 08:06 1051643                    /lib/x86_64-linux-gnu/libnss_nis-2.13.so
7f9be3784000-7f9be3785000 r--p 00009000 08:06 1051643                    /lib/x86_64-linux-gnu/libnss_nis-2.13.so
7f9be3785000-7f9be3786000 rw-p 0000a000 08:06 1051643                    /lib/x86_64-linux-gnu/libnss_nis-2.13.so
7f9be3786000-7f9be379b000 r-xp 00000000 08:06 1051638                    /lib/x86_64-linux-gnu/libnsl-2.13.so
7f9be379b000-7f9be399a000 ---p 00015000 08:06 1051638                    /lib/x86_64-linux-gnu/libnsl-2.13.so
7f9be399a000-7f9be399b000 r--p 00014000 08:06 1051638                    /lib/x86_64-linux-gnu/libnsl-2.13.so
7f9be399b000-7f9be399c000 rw-p 00015000 08:06 1051638                    /lib/x86_64-linux-gnu/libnsl-2.13.so
7f9be399c000-7f9be399e000 rw-p 00000000 00:00 0 
7f9be399e000-7f9be39a5000 r-xp 00000000 08:06 1051639                    /lib/x86_64-linux-gnu/libnss_compat-2.13.so
7f9be39a5000-7f9be3ba4000 ---p 00007000 08:06 1051639                    /lib/x86_64-linux-gnu/libnss_compat-2.13.so
7f9be3ba4000-7f9be3ba5000 r--p 00006000 08:06 1051639                    /lib/x86_64-linux-gnu/libnss_compat-2.13.so
7f9be3ba5000-7f9be3ba6000 rw-p 00007000 08:06 1051639                    /lib/x86_64-linux-gnu/libnss_compat-2.13.so
7f9be3ba6000-7f9be3bd1000 r-xp 00000000 08:06 12189816                   /opt/java/lib/amd64/libjava.so
7f9be3bd1000-7f9be3dd0000 ---p 0002b000 08:06 12189816                   /opt/java/lib/amd64/libjava.so
7f9be3dd0000-7f9be3dd2000 rw-p 0002a000 08:06 12189816                   /opt/java/lib/amd64/libjava.so
7f9be3dd2000-7f9be3ddf000 r-xp 00000000 08:06 12189769                   /opt/java/lib/amd64/libverify.so
7f9be3ddf000-7f9be3fdf000 ---p 0000d000 08:06 12189769                   /opt/java/lib/amd64/libverify.so
7f9be3fdf000-7f9be3fe1000 rw-p 0000d000 08:06 12189769                   /opt/java/lib/amd64/libverify.so
7f9be3fe1000-7f9be3fe8000 r-xp 00000000 08:06 1051647                    /lib/x86_64-linux-gnu/librt-2.13.so
7f9be3fe8000-7f9be41e7000 ---p 00007000 08:06 1051647                    /lib/x86_64-linux-gnu/librt-2.13.so
7f9be41e7000-7f9be41e8000 r--p 00006000 08:06 1051647                    /lib/x86_64-linux-gnu/librt-2.13.so
7f9be41e8000-7f9be41e9000 rw-p 00007000 08:06 1051647                    /lib/x86_64-linux-gnu/librt-2.13.so
7f9be41e9000-7f9be426a000 r-xp 00000000 08:06 1051636                    /lib/x86_64-linux-gnu/libm-2.13.so
7f9be426a000-7f9be4469000 ---p 00081000 08:06 1051636                    /lib/x86_64-linux-gnu/libm-2.13.so
7f9be4469000-7f9be446a000 r--p 00080000 08:06 1051636                    /lib/x86_64-linux-gnu/libm-2.13.so
7f9be446a000-7f9be446b000 rw-p 00081000 08:06 1051636                    /lib/x86_64-linux-gnu/libm-2.13.so
7f9be446b000-7f9be513e000 r-xp 00000000 08:06 12189820                   /opt/java/lib/amd64/server/libjvm.so
7f9be513e000-7f9be533d000 ---p 00cd3000 08:06 12189820                   /opt/java/lib/amd64/server/libjvm.so
7f9be533d000-7f9be5417000 rw-p 00cd2000 08:06 12189820                   /opt/java/lib/amd64/server/libjvm.so
7f9be5417000-7f9be5462000 rw-p 00000000 00:00 0 
7f9be5462000-7f9be55e6000 r-xp 00000000 08:06 1051632                    /lib/x86_64-linux-gnu/libc-2.13.so
7f9be55e6000-7f9be57e5000 ---p 00184000 08:06 1051632                    /lib/x86_64-linux-gnu/libc-2.13.so
7f9be57e5000-7f9be57e9000 r--p 00183000 08:06 1051632                    /lib/x86_64-linux-gnu/libc-2.13.so
7f9be57e9000-7f9be57ea000 rw-p 00187000 08:06 1051632                    /lib/x86_64-linux-gnu/libc-2.13.so
7f9be57ea000-7f9be57ef000 rw-p 00000000 00:00 0 
7f9be57ef000-7f9be57f1000 r-xp 00000000 08:06 1051635                    /lib/x86_64-linux-gnu/libdl-2.13.so
7f9be57f1000-7f9be59f1000 ---p 00002000 08:06 1051635                    /lib/x86_64-linux-gnu/libdl-2.13.so
7f9be59f1000-7f9be59f2000 r--p 00002000 08:06 1051635                    /lib/x86_64-linux-gnu/libdl-2.13.so
7f9be59f2000-7f9be59f3000 rw-p 00003000 08:06 1051635                    /lib/x86_64-linux-gnu/libdl-2.13.so
7f9be59f3000-7f9be5a08000 r-xp 00000000 08:06 12189805                   /opt/java/lib/amd64/jli/libjli.so
7f9be5a08000-7f9be5c08000 ---p 00015000 08:06 12189805                   /opt/java/lib/amd64/jli/libjli.so
7f9be5c08000-7f9be5c09000 rw-p 00015000 08:06 12189805                   /opt/java/lib/amd64/jli/libjli.so
7f9be5c09000-7f9be5c20000 r-xp 00000000 08:06 1051628                    /lib/x86_64-linux-gnu/libpthread-2.13.so
7f9be5c20000-7f9be5e1f000 ---p 00017000 08:06 1051628                    /lib/x86_64-linux-gnu/libpthread-2.13.so
7f9be5e1f000-7f9be5e20000 r--p 00016000 08:06 1051628                    /lib/x86_64-linux-gnu/libpthread-2.13.so
7f9be5e20000-7f9be5e21000 rw-p 00017000 08:06 1051628                    /lib/x86_64-linux-gnu/libpthread-2.13.so
7f9be5e21000-7f9be5e25000 rw-p 00000000 00:00 0 
7f9be5e25000-7f9be5e45000 r-xp 00000000 08:06 1051629                    /lib/x86_64-linux-gnu/ld-2.13.so
7f9be5e45000-7f9be5e4a000 r--s 002f9000 08:06 12189713                   /opt/java/lib/charsets.jar
7f9be5e4a000-7f9be5e5f000 r--s 00141000 08:06 6571205                    /home/server/lib/lombok.jar
7f9be5e5f000-7f9be5f32000 rw-p 00000000 00:00 0 
7f9be5f32000-7f9be5f35000 ---p 00000000 00:00 0 
7f9be5f35000-7f9be6037000 rw-p 00000000 00:00 0 
7f9be6038000-7f9be6040000 rw-s 00000000 08:06 26083341                   /tmp/hsperfdata_root/19180
7f9be6040000-7f9be6041000 rw-p 00000000 00:00 0 
7f9be6041000-7f9be6042000 ---p 00000000 00:00 0 
7f9be6042000-7f9be6044000 rw-p 00000000 00:00 0 
7f9be6044000-7f9be6045000 r--p 0001f000 08:06 1051629                    /lib/x86_64-linux-gnu/ld-2.13.so
7f9be6045000-7f9be6046000 rw-p 00020000 08:06 1051629                    /lib/x86_64-linux-gnu/ld-2.13.so
7f9be6046000-7f9be6047000 rw-p 00000000 00:00 0 
7ffce36e0000-7ffce3701000 rw-p 00000000 00:00 0                          [stack]
7ffce3752000-7ffce3753000 r-xp 00000000 00:00 0                          [vdso]
ffffffffff600000-ffffffffff601000 r-xp 00000000 00:00 0                  [vsyscall]

VM Arguments:
jvm_args: -Dfile.encoding=UTF-8 -Xms2048m -Xmx4096m 
java_command: l2p.gameserver.BootManager
java_class_path (initial): config:./../lib/authserver.jar:./../lib/trove4j-3.0.3.jar:./../lib/commons-dbcp-1.4.jar:./../lib/gameserver.jar:./../lib/jdom-2.0.6.jar:./../lib/HikariCP-2.4.0.jar:./../lib/lombok.jar:./../lib/commons-pool-1.6.jar:./../lib/commons-math3-3.6.1.jar:./../lib/commons.jar:./../lib/slf4j-api-1.7.21.jar:./../lib/org.napile.primitive.jar:./../lib/javf-sys-lpic-H-3.4.jar:./../lib/log4j-1.2.17.jar:./../lib/javolution-core-java-6.1.0-20140103.154957-9.jar:./../lib/slf4j-log4j12-1.7.5.jar:./../lib/dataparser.jar:./../lib/mysql-connector-java-5.1.39-bin.jar:./../lib/ecj-4.4.jar:./../lib/dom4j-2.0.0-RC1.jar:./../lib/ehcache-core-2.6.11.jar:./../lib/commons-io-2.5.jar:./../lib/commons-lang3-3.4.jar:./../lib/netty-3.6.2.Final.jar:./../lib/jacksum-1.7.0.jar:./../lib/mesp-1.02.jar
Launcher Type: SUN_STANDARD

Environment Variables:
PATH=/usr/local/sbin:/usr/local/bin:/usr/sbin:/usr/bin:/sbin:/bin
SHELL=/bin/bash

Signal Handlers:
SIGSEGV: [libjvm.so+0xacba10], sa_mask[0]=11111111011111111101111111111110, sa_flags=SA_RESTART|SA_SIGINFO
SIGBUS: [libjvm.so+0xacba10], sa_mask[0]=11111111011111111101111111111110, sa_flags=SA_RESTART|SA_SIGINFO
SIGFPE: [libjvm.so+0x924ba0], sa_mask[0]=11111111011111111101111111111110, sa_flags=SA_RESTART|SA_SIGINFO
SIGPIPE: [libjvm.so+0x924ba0], sa_mask[0]=11111111011111111101111111111110, sa_flags=SA_RESTART|SA_SIGINFO
SIGXFSZ: [libjvm.so+0x924ba0], sa_mask[0]=11111111011111111101111111111110, sa_flags=SA_RESTART|SA_SIGINFO
SIGILL: [libjvm.so+0x924ba0], sa_mask[0]=11111111011111111101111111111110, sa_flags=SA_RESTART|SA_SIGINFO
SIGUSR1: SIG_DFL, sa_mask[0]=00000000000000000000000000000000, sa_flags=none
SIGUSR2: [libjvm.so+0x9263e0], sa_mask[0]=00000000000000000000000000000000, sa_flags=SA_RESTART|SA_SIGINFO
SIGHUP: [libjvm.so+0x9277e0], sa_mask[0]=11111111011111111101111111111110, sa_flags=SA_RESTART|SA_SIGINFO
SIGINT: SIG_IGN, sa_mask[0]=00000000000000000000000000000000, sa_flags=none
SIGTERM: [libjvm.so+0x9277e0], sa_mask[0]=11111111011111111101111111111110, sa_flags=SA_RESTART|SA_SIGINFO
SIGQUIT: [libjvm.so+0x9277e0], sa_mask[0]=11111111011111111101111111111110, sa_flags=SA_RESTART|SA_SIGINFO


---------------  S Y S T E M  ---------------

OS:PRETTY_NAME="Debian GNU/Linux 7 (wheezy)"
NAME="Debian GNU/Linux"
VERSION_ID="7"
VERSION="7 (wheezy)"
ID=debian
ANSI_COLOR="1;31"
HOME_URL="http://www.debian.org/"
SUPPORT_URL="http://www.debian.org/support/"
BUG_REPORT_URL="http://bugs.debian.org/"

uname:Linux 3.2.0-4-amd64 #1 SMP Debian 3.2.89-2 x86_64
libc:glibc 2.13 NPTL 2.13 
rlimit: STACK 8192k, CORE 0k, NPROC 26024, NOFILE 4096, AS infinity
load average:5.26 2.15 0.93

/proc/meminfo:
MemTotal:        3343148 kB
MemFree:           77492 kB
Buffers:             560 kB
Cached:            25228 kB
SwapCached:        25936 kB
Active:          2657068 kB
Inactive:         540744 kB
Active(anon):    2645396 kB
Inactive(anon):   530064 kB
Active(file):      11672 kB
Inactive(file):    10680 kB
Unevictable:           0 kB
Mlocked:               0 kB
SwapTotal:       4117500 kB
SwapFree:        1045820 kB
Dirty:                48 kB
Writeback:         10212 kB
AnonPages:       3154908 kB
Mapped:            17292 kB
Shmem:              3220 kB
Slab:              20944 kB
SReclaimable:       8272 kB
SUnreclaim:        12672 kB
KernelStack:        2760 kB
PageTables:        18372 kB
NFS_Unstable:          0 kB
Bounce:                0 kB
WritebackTmp:          0 kB
CommitLimit:     5789072 kB
Committed_AS:    8418268 kB
VmallocTotal:   34359738367 kB
VmallocUsed:      416520 kB
VmallocChunk:   34359319047 kB
HardwareCorrupted:     0 kB
AnonHugePages:         0 kB
HugePages_Total:       0
HugePages_Free:        0
HugePages_Rsvd:        0
HugePages_Surp:        0
Hugepagesize:       2048 kB
DirectMap4k:       46080 kB
DirectMap2M:     3352576 kB


CPU:total 2 (initial active 2) (2 cores per cpu, 1 threads per core) family 6 model 15 stepping 6, cmov, cx8, fxsr, mmx, sse, sse2, sse3, ssse3, tsc

/proc/cpuinfo:
processor	: 0
vendor_id	: GenuineIntel
cpu family	: 6
model		: 15
model name	: Intel(R) Core(TM)2 CPU          6600  @ 2.40GHz
stepping	: 6
microcode	: 0xc6
cpu MHz		: 2394.000
cache size	: 4096 KB
physical id	: 0
siblings	: 2
core id		: 0
cpu cores	: 2
apicid		: 0
initial apicid	: 0
fpu		: yes
fpu_exception	: yes
cpuid level	: 10
wp		: yes
flags		: fpu vme de pse tsc msr pae mce cx8 apic sep mtrr pge mca cmov pat pse36 clflush dts acpi mmx fxsr sse sse2 ss ht tm pbe syscall nx lm constant_tsc arch_perfmon pebs bts rep_good nopl aperfmperf pni dtes64 monitor ds_cpl vmx est tm2 ssse3 cx16 xtpr pdcm lahf_lm dtherm tpr_shadow
bogomips	: 4794.47
clflush size	: 64
cache_alignment	: 64
address sizes	: 36 bits physical, 48 bits virtual
power management:

processor	: 1
vendor_id	: GenuineIntel
cpu family	: 6
model		: 15
model name	: Intel(R) Core(TM)2 CPU          6600  @ 2.40GHz
stepping	: 6
microcode	: 0xc6
cpu MHz		: 2394.000
cache size	: 4096 KB
physical id	: 0
siblings	: 2
core id		: 1
cpu cores	: 2
apicid		: 1
initial apicid	: 1
fpu		: yes
fpu_exception	: yes
cpuid level	: 10
wp		: yes
flags		: fpu vme de pse tsc msr pae mce cx8 apic sep mtrr pge mca cmov pat pse36 clflush dts acpi mmx fxsr sse sse2 ss ht tm pbe syscall nx lm constant_tsc arch_perfmon pebs bts rep_good nopl aperfmperf pni dtes64 monitor ds_cpl vmx est tm2 ssse3 cx16 xtpr pdcm lahf_lm dtherm tpr_shadow
bogomips	: 4795.56
clflush size	: 64
cache_alignment	: 64
address sizes	: 36 bits physical, 48 bits virtual
power management:



Memory: 4k page, physical 3343148k(77492k free), swap 4117500k(1045820k free)

vm_info: Java HotSpot(TM) 64-Bit Server VM (25.144-b01) for linux-amd64 JRE (1.8.0_144-b01), built on Jul 21 2017 21:57:33 by "java_re" with gcc 4.3.0 20080428 (Red Hat 4.3.0-8)

time: Wed Sep 13 12:21:40 2017
elapsed time: 111 seconds (0d 0h 1m 51s)

