[07:30:09]  INFO Loaded 127 server names
[07:30:09]  INFO Server socket check success at port: 1499
[07:30:09]  INFO Loaded whirlpool2 as default crypt.
[07:30:10]  INFO Cached 10 KeyPairs for RSA communication
[07:30:10]  INFO Stored 20 keys for Blowfish communication
[07:30:10]  INFO Loaded 0 registered GameServer(s).
[07:30:10]  INFO Listening for gameservers on *:9014
[07:30:10]  INFO Listening for clients on *:1499
[07:32:32]  INFO Trying to register gameserver: 1 [127.0.0.1]
[07:32:32]  INFO Gameserver registration successful.
[07:32:37]  INFO Connection with gameserver 1 [Bartz] lost.
[07:32:37]  INFO Setting gameserver down.
[07:41:01]  INFO Trying to register gameserver: 1 [127.0.0.1]
[07:41:01]  INFO Gameserver registration successful.
[07:43:19]  INFO Connection with gameserver 1 [Bartz] lost.
[07:43:19]  INFO Setting gameserver down.
[08:01:25]  INFO Trying to register gameserver: 1 [127.0.0.1]
[08:01:25]  INFO Gameserver registration successful.
[08:07:20]  INFO Connection with gameserver 1 [Bartz] lost.
[08:07:20]  INFO Setting gameserver down.
[08:08:36]  INFO Trying to register gameserver: 1 [127.0.0.1]
[08:08:36]  INFO Gameserver registration successful.
[08:21:56]  INFO Connection with gameserver 1 [Bartz] lost.
[08:21:56]  INFO Setting gameserver down.
[08:23:06]  INFO Trying to register gameserver: 1 [127.0.0.1]
[08:23:06]  INFO Gameserver registration successful.
[08:36:32]  INFO Connection with gameserver 1 [Bartz] lost.
[08:36:32]  INFO Setting gameserver down.
[08:37:15]  INFO Trying to register gameserver: 1 [127.0.0.1]
[08:37:15]  INFO Gameserver registration successful.
[10:10:46]  INFO Connection with gameserver 1 [Bartz] lost.
[10:10:46]  INFO Setting gameserver down.
[10:11:44]  INFO Trying to register gameserver: 1 [127.0.0.1]
[10:11:44]  INFO Gameserver registration successful.
[12:52:57]  INFO Connection with gameserver 1 [Bartz] lost.
[12:52:57]  INFO Setting gameserver down.
[12:54:05]  INFO Trying to register gameserver: 1 [127.0.0.1]
[12:54:05]  INFO Gameserver registration successful.
[14:27:01]  INFO Connection with gameserver 1 [Bartz] lost.
[14:27:01]  INFO Setting gameserver down.
[14:28:09]  INFO Trying to register gameserver: 1 [127.0.0.1]
[14:28:09]  INFO Gameserver registration successful.
[15:03:29] ERROR 
java.sql.SQLException: Field 'unlock_pass' doesn't have a default value
	at com.mysql.jdbc.SQLError.createSQLException(SQLError.java:963)
	at com.mysql.jdbc.MysqlIO.checkErrorPacket(MysqlIO.java:3966)
	at com.mysql.jdbc.MysqlIO.checkErrorPacket(MysqlIO.java:3902)
	at com.mysql.jdbc.MysqlIO.sendCommand(MysqlIO.java:2526)
	at com.mysql.jdbc.MysqlIO.sqlQueryDirect(MysqlIO.java:2673)
	at com.mysql.jdbc.ConnectionImpl.execSQL(ConnectionImpl.java:2549)
	at com.mysql.jdbc.PreparedStatement.executeInternal(PreparedStatement.java:1861)
	at com.mysql.jdbc.PreparedStatement.execute(PreparedStatement.java:1192)
	at org.apache.commons.dbcp.DelegatingPreparedStatement.execute(DelegatingPreparedStatement.java:172)
	at org.apache.commons.dbcp.DelegatingPreparedStatement.execute(DelegatingPreparedStatement.java:172)
	at l2p.authserver.accounts.Account.save(Account.java:238)
	at l2p.authserver.clientpackets.RequestAuthLogin.runImpl(RequestAuthLogin.java:77)
	at l2p.authserver.clientpackets.L2LoginClientPacket.run(L2LoginClientPacket.java:32)
	at l2p.technical.net.nio.impl.MMOExecutableQueue.run(MMOExecutableQueue.java:38)
	at java.util.concurrent.ThreadPoolExecutor.runWorker(ThreadPoolExecutor.java:1149)
	at java.util.concurrent.ThreadPoolExecutor$Worker.run(ThreadPoolExecutor.java:624)
	at java.lang.Thread.run(Thread.java:748)
[22:56:26]  INFO Connection with gameserver 1 [Bartz] lost.
[22:56:26]  INFO Setting gameserver down.
[22:57:33]  INFO Trying to register gameserver: 1 [127.0.0.1]
[22:57:33]  INFO Gameserver registration successful.
[23:07:39] ERROR 
java.sql.SQLException: Field 'unlock_pass' doesn't have a default value
	at com.mysql.jdbc.SQLError.createSQLException(SQLError.java:963)
	at com.mysql.jdbc.MysqlIO.checkErrorPacket(MysqlIO.java:3966)
	at com.mysql.jdbc.MysqlIO.checkErrorPacket(MysqlIO.java:3902)
	at com.mysql.jdbc.MysqlIO.sendCommand(MysqlIO.java:2526)
	at com.mysql.jdbc.MysqlIO.sqlQueryDirect(MysqlIO.java:2673)
	at com.mysql.jdbc.ConnectionImpl.execSQL(ConnectionImpl.java:2549)
	at com.mysql.jdbc.PreparedStatement.executeInternal(PreparedStatement.java:1861)
	at com.mysql.jdbc.PreparedStatement.execute(PreparedStatement.java:1192)
	at org.apache.commons.dbcp.DelegatingPreparedStatement.execute(DelegatingPreparedStatement.java:172)
	at org.apache.commons.dbcp.DelegatingPreparedStatement.execute(DelegatingPreparedStatement.java:172)
	at l2p.authserver.accounts.Account.save(Account.java:238)
	at l2p.authserver.clientpackets.RequestAuthLogin.runImpl(RequestAuthLogin.java:77)
	at l2p.authserver.clientpackets.L2LoginClientPacket.run(L2LoginClientPacket.java:32)
	at l2p.technical.net.nio.impl.MMOExecutableQueue.run(MMOExecutableQueue.java:38)
	at java.util.concurrent.ThreadPoolExecutor.runWorker(ThreadPoolExecutor.java:1149)
	at java.util.concurrent.ThreadPoolExecutor$Worker.run(ThreadPoolExecutor.java:624)
	at java.lang.Thread.run(Thread.java:748)
[00:39:08]  INFO Connection with gameserver 1 [Bartz] lost.
[00:39:08]  INFO Setting gameserver down.
[00:40:15]  INFO Trying to register gameserver: 1 [127.0.0.1]
[00:40:15]  INFO Gameserver registration successful.
[00:59:34]  INFO Connection with gameserver 1 [Bartz] lost.
[00:59:34]  INFO Setting gameserver down.
[01:00:41]  INFO Trying to register gameserver: 1 [127.0.0.1]
[01:00:41]  INFO Gameserver registration successful.
[01:09:10]  INFO Connection with gameserver 1 [Bartz] lost.
[01:09:10]  INFO Setting gameserver down.
[01:10:18]  INFO Trying to register gameserver: 1 [127.0.0.1]
[01:10:18]  INFO Gameserver registration successful.
